<?xml version="1.0" encoding="UTF-8"?>
<!-- Generated by org.testng.reporters.JUnitReportReporter -->
<testsuite skipped="0" hostname="LAPTOP-D487ETE2" name="seleniumPractice.WaitsPractice" tests="1" failures="0" timestamp="2021-10-12T09:30:17 IST" time="11.598" errors="0">
  <testcase name="beforeClass" time="11.598" classname="seleniumPractice.WaitsPractice"/>
</testsuite> <!-- seleniumPractice.WaitsPractice -->
