<?xml version="1.0" encoding="UTF-8"?>
<!-- Generated by org.testng.reporters.JUnitReportReporter -->
<testsuite hostname="DESKTOP-FTMUMGH" failures="0" tests="1" name="Ajay.RediffMail" time="12.357" errors="0" timestamp="2021-11-28T12:26:31 IST" skipped="0">
  <testcase classname="Ajay.RediffMail" name="test1" time="12.357"/>
  <system-out/>
</testsuite> <!-- Ajay.RediffMail -->
