<?xml version="1.0" encoding="UTF-8"?>
<!-- Generated by org.testng.reporters.JUnitReportReporter -->
<testsuite skipped="1" hostname="LAPTOP-D487ETE2" name="seleniumPractice.ActionClass" tests="7" failures="0" timestamp="2021-10-18T23:03:16 IST" time="14.924" errors="0">
  <testcase name="xyz" time="1.623" classname="seleniumPractice.ActionClass"/>
  <testcase name="xyz" time="0.554" classname="seleniumPractice.ActionClass"/>
  <testcase name="xyz" time="0.870" classname="seleniumPractice.ActionClass"/>
  <testcase name="xyz" time="0.657" classname="seleniumPractice.ActionClass"/>
  <testcase name="xyz" time="0.521" classname="seleniumPractice.ActionClass"/>
  <testcase name="abc" time="10.699" classname="seleniumPractice.ActionClass"/>
  <testcase name="mno" classname="seleniumPractice.ActionClass">
    <skipped/>
  </testcase> <!-- mno -->
</testsuite> <!-- seleniumPractice.ActionClass -->
