<?xml version="1.0" encoding="UTF-8"?>
<!-- Generated by org.testng.reporters.JUnitReportReporter -->
<testsuite hostname="DESKTOP-FTMUMGH" failures="0" tests="1" name="Ajay.RediffMail" time="36.839" errors="0" timestamp="2021-11-28T13:15:39 IST" skipped="0">
  <testcase classname="Ajay.RediffMail" name="test1" time="36.839"/>
  <system-out/>
</testsuite> <!-- Ajay.RediffMail -->
