<?xml version="1.0" encoding="UTF-8"?>
<!-- Generated by org.testng.reporters.JUnitReportReporter -->
<testsuite skipped="0" hostname="LAPTOP-D487ETE2" name="seleniumPractice.WindowHandlingPractice" tests="1" failures="0" timestamp="2021-10-10T10:53:39 IST" time="33.884" errors="0">
  <testcase name="windowHandling" time="33.884" classname="seleniumPractice.WindowHandlingPractice"/>
</testsuite> <!-- seleniumPractice.WindowHandlingPractice -->
