<?xml version="1.0" encoding="UTF-8"?>
<!-- Generated by org.testng.reporters.JUnitReportReporter -->
<testsuite hostname="DESKTOP-FTMUMGH" failures="0" tests="1" name="testClasses.Ajay1.AmazonDemo" time="16.275" errors="0" timestamp="2021-11-28T10:43:44 IST" skipped="0">
  <testcase classname="testClasses.Ajay1.AmazonDemo" name="loginLinkVerificationOnHomePage" time="16.275"/>
  <system-out/>
</testsuite> <!-- testClasses.Ajay1.AmazonDemo -->
