<?xml version="1.0" encoding="UTF-8"?>
<!-- Generated by org.testng.reporters.JUnitReportReporter -->
<testsuite skipped="0" hostname="LAPTOP-D487ETE2" name="testClasses.functinalityTestCases" tests="1" failures="0" timestamp="2021-10-23T19:09:22 IST" time="11.299" errors="0">
  <testcase name="test1" time="11.299" classname="testClasses.functinalityTestCases"/>
</testsuite> <!-- testClasses.functinalityTestCases -->
